
  ___  ____  ____  ____  ____ ®
 /__    /   ____/   /   ____/      StataNow 19.5
___/   /   /___/   /   /___/       MP—Parallel Edition

 Statistics and Data Science       Copyright 1985-2025 StataCorp LLC
                                   StataCorp
                                   4905 Lakeway Drive
                                   College Station, Texas 77845 USA
                                   800-782-8272        https://www.stata.com
                                   979-696-4600        service@stata.com

Stata license: Unlimited-user 64-core compute server, expiring 31 Dec 2050
Serial number: 88888888888888
  Licensed to: MacKed team
               https://macked.app

Notes:
      1. Stata is running in batch mode.
      2. Unicode is supported; see help unicode_advice.
      3. More than 2 billion observations are allowed; see help obs_advice.
      4. Maximum number of variables is set to 5,000 but can be increased; see help
          set_maxvar.

. do /Users/mac/Desktop/Grad_thesis/参考文献/2/附件2：数据及程序代码/程序代码.do 

. use 数据.dta,clear

. global ctrl SIZE AGE LEV ROA GROWTH CFO TOP INDEP MH HHI_BANK MKT

. 
. *描述性统计
. sum2docx DivDummy DivPayRate treat post $ctrl using 1.docx , replace stats(N mean sd min p25
>  median p75 max) title("表 1: 描述性统计") 
command sum2docx is unrecognized
r(199);

end of do-file
r(199);
