
============================================================
PCA Analysis - 2026-02-28 16:21:11
K=18, cumulative_var=0.8136
Top3 per PC:
  PC1: 资产收益率(+0.399), 分析师跟踪人数(+0.328), 留存收益资产比(+0.326)
  PC2: 账面市值比(+0.313), 股权集中度(+0.305), 公司规模(+0.299)
  PC3: 投资者情绪(+0.361), 机构投资者持股比例(+0.332), 管理层持股比例(-0.293)
  PC4: 融资约束程度(+0.480), 中小股东持股比例(-0.409), 股权集中度(+0.325)
  PC5: 资产负债率(+0.416), 董事长持股比例(+0.334), 管理层持股比例(+0.322)
  PC6: 每股经营现金流(+0.509), 自由现金流(+0.455), 中小股东持股比例(-0.222)
  PC7: 销售增长率(+0.387), 市场化程度(-0.290), 管理费用率(-0.287)
  PC8: 董事长薪酬(+0.464), 董事长任期(+0.367), 机构投资者持股比例(+0.270)
  PC9: 市场化程度(+0.406), 实际税率(+0.398), 董事会女性比例(+0.393)
  PC10: 董事长任期(+0.466), 独立董事比例(-0.416), 股权制衡度(-0.374)
  PC11: 实际税率(+0.517), 股权质押比例(+0.417), 纳税波动率(-0.347)
  PC12: 独立董事比例(+0.522), 股权质押比例(-0.398), 董事会女性比例(-0.376)
  PC13: 股权质押比例(+0.534), 再融资动机(+0.450), 独立董事比例(+0.432)
  PC14: 上一期股利水平(+0.467), 董事长年龄(+0.398), 股权激励(-0.312)
  PC15: 股权激励(+0.709), 股权质押比例(+0.287), 上一期股利水平(+0.252)
  PC16: 董事会女性比例(+0.662), 董事长任期(-0.384), 产权性质(+0.379)
  PC17: 再融资动机(+0.442), 董事长薪酬(+0.368), 董事长年龄(-0.341)
  PC18: 纳税波动率(+0.645), 其他应收款资产比(-0.386), 董事长年龄(-0.372)
Model comparison:
                   样本内R²   样本外R²     MSE     MAE   MedAE     EVS
模型-特征组合                                                         
RF(fixed)-原始71特征  0.9018  0.2510  0.0776  0.1624  0.0984  0.2703
RF(fixed)-PCA特征   0.8814  0.0576  0.0958  0.2003  0.1449  0.0937
GBDT-原始71特征       0.6075  0.2368  0.0790  0.1646  0.1008  0.2518
GBDT-PCA特征        0.4741  0.0818  0.0940  0.1988  0.1489  0.1021
[2026-02-28 16:46:18] Phase3 DID 分析启动
[2026-02-28 16:46:18] 数据加载完成: 9004 obs × 38 vars
[2026-02-28 16:46:18] ============================================================
[2026-02-28 16:46:18] 1. 描述性统计
[2026-02-28 16:46:18] 描述性统计表已保存: /Users/mac/Desktop/Grad_thesis/output/tables/did_descriptive_stats.csv
[2026-02-28 16:46:18] ============================================================
[2026-02-28 16:46:18] 2. 基准DID回归
[2026-02-28 16:46:18]   DivDummy_noctrl: did=0.0805*** (t=6.669), N=9004, R2w=0.0239
[2026-02-28 16:46:18]   DivDummy_ctrl: did=0.0828*** (t=6.764), N=9004, R2w=0.0413
[2026-02-28 16:46:18]   DivPayRate_noctrl: did=0.1238*** (t=7.065), N=9004, R2w=0.0422
[2026-02-28 16:46:18]   DivPayRate_ctrl: did=0.1081*** (t=6.412), N=9004, R2w=0.0726
[2026-02-28 16:46:18] 基准回归表已保存: /Users/mac/Desktop/Grad_thesis/output/tables/did_baseline_regression.csv
[2026-02-28 16:46:18] ============================================================
[2026-02-28 16:46:18] 3. 平行趋势检验 (事件研究)
[2026-02-28 16:46:18]   DivDummy:
[2026-02-28 16:46:18]     pre_3: 0.0402** (t=2.127)
[2026-02-28 16:46:18]     pre_2: 0.0224 (t=1.249)
[2026-02-28 16:46:18]     current: 0.1077*** (t=6.379)
[2026-02-28 16:46:18]     time_1: 0.0965*** (t=5.519)
[2026-02-28 16:46:18]   DivPayRate:
[2026-02-28 16:46:18]     pre_3: 0.0366 (t=1.597)
[2026-02-28 16:46:18]     pre_2: 0.0314 (t=1.499)
[2026-02-28 16:46:18]     current: 0.1234*** (t=5.681)
[2026-02-28 16:46:18]     time_1: 0.1386*** (t=5.668)
[2026-02-28 16:46:18] 平行趋势图已保存: /Users/mac/Desktop/Grad_thesis/output/figures/did_parallel_trends.png
[2026-02-28 16:46:18] ============================================================
[2026-02-28 16:46:18] 4. 安慰剂检验 (随机政策时间, 500次模拟)
[2026-02-28 16:46:27]   安慰剂模拟: 100/500
[2026-02-28 16:46:36]   安慰剂模拟: 200/500
[2026-02-28 16:46:47]   安慰剂模拟: 300/500
[2026-02-28 16:46:56]   安慰剂模拟: 400/500
[2026-02-28 16:47:05]   安慰剂模拟: 500/500
[2026-02-28 16:47:06] 安慰剂检验图已保存: /Users/mac/Desktop/Grad_thesis/output/figures/did_placebo_test.png
[2026-02-28 16:47:06] ============================================================
[2026-02-28 16:47:06] 5. PSM-DID
[2026-02-28 16:47:06]   PSM匹配前: 9004 obs, 匹配后: 8816 obs
[2026-02-28 16:47:06]   PSM-DID DivDummy: did=0.0828*** (t=6.802), N=8816
[2026-02-28 16:47:06]   PSM-DID DivPayRate: did=0.1082*** (t=6.451), N=8816
[2026-02-28 16:47:06] ============================================================
[2026-02-28 16:47:06] 6. 排除替代性解释 & 剔除再融资样本
[2026-02-28 16:47:06]   Capital_AR交互 DivDummy: did=0.0851***
[2026-02-28 16:47:06]   Capital_AR交互 DivDummy: did_CapAR=-0.0104
[2026-02-28 16:47:06]   Capital_AR交互 DivPayRate: did=0.1099***
[2026-02-28 16:47:06]   Capital_AR交互 DivPayRate: did_CapAR=0.0157
[2026-02-28 16:47:07]   Asset_GR交互 DivDummy: did=0.0801***
[2026-02-28 16:47:07]   Asset_GR交互 DivDummy: did_AssetGR=0.0356
[2026-02-28 16:47:07]   Asset_GR交互 DivPayRate: did=0.1044***
[2026-02-28 16:47:07]   Asset_GR交互 DivPayRate: did_AssetGR=0.0533
[2026-02-28 16:47:07]   剔除再融资 DivDummy: did=0.0854***, N=8845
[2026-02-28 16:47:07]   剔除再融资 DivPayRate: did=0.1078***, N=8845
[2026-02-28 16:47:07] 稳健性检验表已保存: /Users/mac/Desktop/Grad_thesis/output/tables/did_robustness_checks.csv
[2026-02-28 16:47:07] ============================================================
[2026-02-28 16:47:07] 7. 异质性分析
[2026-02-28 16:47:07] 
  --- 异质性: 产权性质 (SOE) ---
[2026-02-28 16:47:07]     非国有 × DivDummy: did=0.0995*** (t=5.776), N=5625
[2026-02-28 16:47:07]     国有 × DivDummy: did=0.0645*** (t=3.981), N=3379
[2026-02-28 16:47:31] Phase3 DID 分析启动
[2026-02-28 16:47:31] 数据加载完成: 9004 obs × 38 vars
[2026-02-28 16:47:31] ============================================================
[2026-02-28 16:47:31] 1. 描述性统计
[2026-02-28 16:47:31] 描述性统计表已保存: /Users/mac/Desktop/Grad_thesis/output/tables/did_descriptive_stats.csv
[2026-02-28 16:47:31] ============================================================
[2026-02-28 16:47:31] 2. 基准DID回归
[2026-02-28 16:47:31]   DivDummy_noctrl: did=0.0805*** (t=6.669), N=9004, R2w=0.0239
[2026-02-28 16:47:31]   DivDummy_ctrl: did=0.0828*** (t=6.764), N=9004, R2w=0.0413
[2026-02-28 16:47:31]   DivPayRate_noctrl: did=0.1238*** (t=7.065), N=9004, R2w=0.0422
[2026-02-28 16:47:31]   DivPayRate_ctrl: did=0.1081*** (t=6.412), N=9004, R2w=0.0726
[2026-02-28 16:47:31] 基准回归表已保存: /Users/mac/Desktop/Grad_thesis/output/tables/did_baseline_regression.csv
[2026-02-28 16:47:31] ============================================================
[2026-02-28 16:47:31] 3. 平行趋势检验 (事件研究)
[2026-02-28 16:47:31]   DivDummy:
[2026-02-28 16:47:31]     pre_3: 0.0402** (t=2.127)
[2026-02-28 16:47:31]     pre_2: 0.0224 (t=1.249)
[2026-02-28 16:47:31]     current: 0.1077*** (t=6.379)
[2026-02-28 16:47:31]     time_1: 0.0965*** (t=5.519)
[2026-02-28 16:47:31]   DivPayRate:
[2026-02-28 16:47:31]     pre_3: 0.0366 (t=1.597)
[2026-02-28 16:47:31]     pre_2: 0.0314 (t=1.499)
[2026-02-28 16:47:31]     current: 0.1234*** (t=5.681)
[2026-02-28 16:47:31]     time_1: 0.1386*** (t=5.668)
[2026-02-28 16:47:31] 平行趋势图已保存: /Users/mac/Desktop/Grad_thesis/output/figures/did_parallel_trends.png
[2026-02-28 16:47:31] ============================================================
[2026-02-28 16:47:31] 4. 安慰剂检验 (随机政策时间, 500次模拟)
[2026-02-28 16:47:40]   安慰剂模拟: 100/500
[2026-02-28 16:47:51]   安慰剂模拟: 200/500
[2026-02-28 16:48:00]   安慰剂模拟: 300/500
[2026-02-28 16:48:10]   安慰剂模拟: 400/500
[2026-02-28 16:48:19]   安慰剂模拟: 500/500
[2026-02-28 16:48:19] 安慰剂检验图已保存: /Users/mac/Desktop/Grad_thesis/output/figures/did_placebo_test.png
[2026-02-28 16:48:19] ============================================================
[2026-02-28 16:48:19] 5. PSM-DID
[2026-02-28 16:48:20]   PSM匹配前: 9004 obs, 匹配后: 8816 obs
[2026-02-28 16:48:20]   PSM-DID DivDummy: did=0.0828*** (t=6.802), N=8816
[2026-02-28 16:48:20]   PSM-DID DivPayRate: did=0.1082*** (t=6.451), N=8816
[2026-02-28 16:48:20] ============================================================
[2026-02-28 16:48:20] 6. 排除替代性解释 & 剔除再融资样本
[2026-02-28 16:48:20]   Capital_AR交互 DivDummy: did=0.0851***
[2026-02-28 16:48:20]   Capital_AR交互 DivDummy: did_CapAR=-0.0104
[2026-02-28 16:48:20]   Capital_AR交互 DivPayRate: did=0.1099***
[2026-02-28 16:48:20]   Capital_AR交互 DivPayRate: did_CapAR=0.0157
[2026-02-28 16:48:20]   Asset_GR交互 DivDummy: did=0.0801***
[2026-02-28 16:48:20]   Asset_GR交互 DivDummy: did_AssetGR=0.0356
[2026-02-28 16:48:20]   Asset_GR交互 DivPayRate: did=0.1044***
[2026-02-28 16:48:20]   Asset_GR交互 DivPayRate: did_AssetGR=0.0533
[2026-02-28 16:48:20]   剔除再融资 DivDummy: did=0.0854***, N=8845
[2026-02-28 16:48:20]   剔除再融资 DivPayRate: did=0.1078***, N=8845
[2026-02-28 16:48:20] 稳健性检验表已保存: /Users/mac/Desktop/Grad_thesis/output/tables/did_robustness_checks.csv
[2026-02-28 16:48:20] ============================================================
[2026-02-28 16:48:20] 7. 异质性分析
[2026-02-28 16:48:20] 
  --- 异质性: 产权性质 (SOE) ---
[2026-02-28 16:48:20]     非国有 × DivDummy: did=0.0995*** (t=5.776), N=5625
[2026-02-28 16:48:20]     国有 × DivDummy: did=0.0645*** (t=3.981), N=3379
[2026-02-28 16:48:20]     组间差异 DivDummy: diff=-0.0350 (z=-1.482)
[2026-02-28 16:48:20]     非国有 × DivPayRate: did=0.1234*** (t=5.223), N=5625
[2026-02-28 16:48:20]     国有 × DivPayRate: did=0.1004*** (t=4.681), N=3379
[2026-02-28 16:48:20]     组间差异 DivPayRate: diff=-0.0230 (z=-0.722)
[2026-02-28 16:48:20] 
  --- 异质性: 代理成本 (agc_high) ---
[2026-02-28 16:48:20]     低代理成本 × DivDummy: did=0.0538*** (t=2.852), N=4473
[2026-02-28 16:48:20]     高代理成本 × DivDummy: did=0.1067*** (t=5.162), N=4531
[2026-02-28 16:48:20]     组间差异 DivDummy: diff=0.0529* (z=1.890)
[2026-02-28 16:48:20]     低代理成本 × DivPayRate: did=0.0791*** (t=3.026), N=4473
[2026-02-28 16:48:20]     高代理成本 × DivPayRate: did=0.1435*** (t=5.382), N=4531
[2026-02-28 16:48:20]     组间差异 DivPayRate: diff=0.0644* (z=1.724)
[2026-02-28 16:48:20] 
  --- 异质性: 机构持股 (insinv_high) ---
[2026-02-28 16:48:20]     低机构持股 × DivDummy: did=0.0855*** (t=5.870), N=7201
[2026-02-28 16:48:20]     高机构持股 × DivDummy: did=0.0598* (t=1.898), N=1803
[2026-02-28 16:48:20]     组间差异 DivDummy: diff=-0.0257 (z=-0.742)
[2026-02-28 16:48:20]     低机构持股 × DivPayRate: did=0.1116*** (t=5.482), N=7201
[2026-02-28 16:48:20]     高机构持股 × DivPayRate: did=0.0854** (t=2.398), N=1803
[2026-02-28 16:48:20]     组间差异 DivPayRate: diff=-0.0262 (z=-0.638)
[2026-02-28 16:48:20] 
  --- 异质性: 法治水平 (law_high) ---
[2026-02-28 16:48:20]     低法治水平 × DivDummy: did=0.0909*** (t=4.996), N=4404
[2026-02-28 16:48:21]     高法治水平 × DivDummy: did=0.0681*** (t=3.995), N=4600
[2026-02-28 16:48:21]     组间差异 DivDummy: diff=-0.0228 (z=-0.914)
[2026-02-28 16:48:21]     低法治水平 × DivPayRate: did=0.1248*** (t=5.295), N=4404
[2026-02-28 16:48:21]     高法治水平 × DivPayRate: did=0.0848*** (t=3.354), N=4600
[2026-02-28 16:48:21]     组间差异 DivPayRate: diff=-0.0400 (z=-1.156)
[2026-02-28 16:48:21] 异质性分析表已保存: /Users/mac/Desktop/Grad_thesis/output/tables/did_heterogeneity.csv
[2026-02-28 16:48:21] ============================================================
[2026-02-28 16:48:21] 8. 经济后果分析
[2026-02-28 16:48:21]   交易量（当月）: did=0.0754** (t=2.160), N=9003
[2026-02-28 16:48:21]   交易量（次月）: did=0.0603 (t=1.638), N=9001
[2026-02-28 16:48:21]   换手率（当月）: did=0.1785** (t=2.156), N=9003
[2026-02-28 16:48:21]   换手率（次月）: did=0.1529* (t=1.733), N=9001
[2026-02-28 16:48:21]   买卖价差（当月）: did=-0.0011 (t=-1.496), N=9003
[2026-02-28 16:48:21]   买卖价差（次月）: did=-0.0012* (t=-1.696), N=9001
[2026-02-28 16:48:21]   错误定价（当月）: did=-0.0510** (t=-2.136), N=9003
[2026-02-28 16:48:21]   错误定价（次月）: did=-0.0530** (t=-2.042), N=9001
[2026-02-28 16:48:21] 经济后果表已保存: /Users/mac/Desktop/Grad_thesis/output/tables/did_economic_consequences.csv
[2026-02-28 16:48:21] ============================================================
[2026-02-28 16:48:21] 9. Phase3 关键结果汇总
[2026-02-28 16:48:21]   基准回归: DivDummy did=0.0828***
[2026-02-28 16:48:21]   基准回归: DivPayRate did=0.1081***
[2026-02-28 16:48:21]   平行趋势: pre_3/pre_2 不显著 → 趋势平行成立
[2026-02-28 16:48:21]   安慰剂检验: 真实系数远离安慰剂分布
[2026-02-28 16:48:21]   PSM-DID: 结果稳健
[2026-02-28 16:48:21]   异质性: 详见 did_heterogeneity.csv
[2026-02-28 16:48:21]   经济后果: 详见 did_economic_consequences.csv
[2026-02-28 16:48:21] 
Phase3 DID 分析全部完成!
