
  ___  ____  ____  ____  ____ ®
 /__    /   ____/   /   ____/      18.0
___/   /   /___/   /   /___/       MP—Parallel Edition

 Statistics and Data Science       Copyright 1985-2023 StataCorp LLC
                                   StataCorp
                                   4905 Lakeway Drive
                                   College Station, Texas 77845 USA
                                   800-STATA-PC        https://www.stata.com
                                   979-696-4600        stata@stata.com

Stata license: Single-user 2-core  perpetual
Serial number: 501806366048
  Licensed to: Mac
               Mac

Notes:
      1. Stata is running in batch mode.
      2. Unicode is supported; see help unicode_advice.
      3. More than 2 billion observations are allowed; see help obs_advice.
      4. Maximum number of variables is set to 5,000 but can be increased;
          see help set_maxvar.

. do tmp/stata_phase5_baseline_xtreg_check.do 

. set more off

. use "/Users/mac/Desktop/Grad_thesis/tmp/data_phase5_check.dta", clear

. xtset stkcd year

Panel variable: stkcd (unbalanced)
 Time variable: year, 2020 to 2024, but with gaps
         Delta: 1 unit

. xtreg DivDummy did i.year, fe vce(cluster stkcd)
           _coef_table():  3499  strtoreal() not found
                 <istmt>:     -  function returned error
r(3499);

end of do-file
r(3499);
