
  ___  ____  ____  ____  ____ ®
 /__    /   ____/   /   ____/      StataNow 19.5
___/   /   /___/   /   /___/       MP—Parallel Edition

 Statistics and Data Science       Copyright 1985-2025 StataCorp LLC
                                   StataCorp
                                   4905 Lakeway Drive
                                   College Station, Texas 77845 USA
                                   800-782-8272        https://www.stata.com
                                   979-696-4600        service@stata.com

Stata license: Unlimited-user 64-core compute server, expiring 31 Dec 2050
Serial number: 88888888888888
  Licensed to: MacKed team
               https://macked.app

Notes:
      1. Stata is running in batch mode.
      2. Unicode is supported; see help unicode_advice.
      3. More than 2 billion observations are allowed; see help obs_advice.
      4. Maximum number of variables is set to 5,000 but can be increased; see help
          set_maxvar.

. do /Users/mac/Desktop/Grad_thesis/参考文献/1/20240618102625WU_FILE_1/程序/程序.do 

. global dir0 "D:\111学习资料\111论文\股利分配理论\陈运森+论文附件\数据"

. global dir1 "D:\111学习资料\111论文\股利分配理论\陈运森+论文附件\程序"

. 
. cd $dir1
unable to change to D:\111学习资料\111论文\股利分配理论\陈运森+论文附件\程序
r(170);

end of do-file
r(170);
